d:\documents\__prog\_c++\project-arch\cai\project-cai\project-cai\x64\debug\vc142.pdb
d:\documents\__prog\_c++\project-arch\cai\project-cai\project-cai\x64\debug\vc142.idb
d:\documents\__prog\_c++\project-arch\cai\project-cai\project-cai\x64\debug\resource.obj
d:\documents\__prog\_c++\project-arch\cai\project-cai\project-cai\x64\debug\renderobject.obj
d:\documents\__prog\_c++\project-arch\cai\project-cai\project-cai\x64\debug\main.obj
d:\documents\__prog\_c++\project-arch\cai\project-cai\project-cai\x64\debug\gamewindow.obj
d:\documents\__prog\_c++\project-arch\cai\project-cai\project-cai\x64\debug\gameobject.obj
d:\documents\__prog\_c++\project-arch\cai\project-cai\project-cai\x64\debug\gameengine.obj
d:\documents\__prog\_c++\project-arch\cai\project-cai\project-cai\x64\debug\biomes.obj
d:\documents\__prog\_c++\project-arch\cai\project-cai\project-cai\x64\debug\display.obj
d:\documents\__prog\_c++\project-arch\cai\project-cai\project-cai\x64\debug\constructioninput.obj
d:\documents\__prog\_c++\project-arch\cai\project-cai\project-cai\x64\debug\construction.obj
d:\documents\__prog\_c++\project-arch\cai\project-cai\project-cai\x64\debug\component.obj
d:\documents\__prog\_c++\project-arch\cai\project-cai\project-cai\x64\debug\collider.obj
d:\documents\__prog\_c++\project-arch\cai\project-cai\project-cai\x64\debug\camerainput.obj
d:\documents\__prog\_c++\project-arch\cai\project-cai\project-cai\x64\debug\camera.obj
d:\documents\__prog\_c++\project-arch\cai\project-cai\project-cai\x64\debug\buildings.obj
d:\documents\__prog\_c++\project-arch\cai\project-cai\project-cai\x64\debug\buildingobject.obj
d:\documents\__prog\_c++\project-arch\cai\project-cai\project-cai\x64\debug\building.obj
d:\documents\__prog\_c++\project-arch\cai\project-cai\project-cai\x64\debug\biome.obj
d:\documents\__prog\_c++\project-arch\cai\project-cai\project-cai\x64\debug\assetview.obj
d:\documents\__prog\_c++\project-arch\cai\project-cai\project-cai\x64\debug\tileobject.obj
d:\documents\__prog\_c++\project-arch\cai\project-cai\project-cai\x64\debug\tile.obj
d:\documents\__prog\_c++\project-arch\cai\project-cai\project-cai\x64\debug\textrenderer.obj
d:\documents\__prog\_c++\project-arch\cai\project-cai\project-cai\x64\debug\templategamescript.obj
d:\documents\__prog\_c++\project-arch\cai\project-cai\project-cai\x64\debug\structure.obj
d:\documents\__prog\_c++\project-arch\cai\project-cai\project-cai\x64\debug\storage.obj
d:\documents\__prog\_c++\project-arch\cai\project-cai\project-cai\x64\debug\spriterenderer.obj
d:\documents\__prog\_c++\project-arch\cai\project-cai\project-cai\x64\debug\scriptbehaviour.obj
d:\documents\__prog\_c++\project-arch\cai\project-cai\project-cai\x64\debug\sceneview.obj
d:\documents\__prog\_c++\project-arch\cai\project-cai\project-cai\x64\debug\project-cai.tlog\cl.command.1.tlog
d:\documents\__prog\_c++\project-arch\cai\project-cai\project-cai\x64\debug\project-cai.tlog\cl.read.1.tlog
d:\documents\__prog\_c++\project-arch\cai\project-cai\project-cai\x64\debug\project-cai.tlog\cl.write.1.tlog
