  Collider.cpp
  Component.cpp
  GameEngine.cpp
  GameObject.cpp
  GameWindow.cpp
D:\Documents\__PROG\_C++\Project-Arch\CAI\project-cai\project-cai\GameWindow.cpp(17,46): warning C4244: 'argument' : conversion de 'float' en 'unsigned int', perte possible de données
D:\Documents\__PROG\_C++\Project-Arch\CAI\project-cai\project-cai\GameWindow.cpp(17,38): warning C4244: 'argument' : conversion de 'float' en 'unsigned int', perte possible de données
  main.cpp
  Scene.cpp
D:\Documents\__PROG\_C++\Project-Arch\CAI\project-cai\project-cai\Scene.cpp(47,75): warning C4129: 'D' : caractère de séquence d'échappement non reconnu
D:\Documents\__PROG\_C++\Project-Arch\CAI\project-cai\project-cai\Scene.cpp(47,75): warning C4129: '_' : caractère de séquence d'échappement non reconnu
D:\Documents\__PROG\_C++\Project-Arch\CAI\project-cai\project-cai\Scene.cpp(47,75): warning C4129: 'P' : caractère de séquence d'échappement non reconnu
D:\Documents\__PROG\_C++\Project-Arch\CAI\project-cai\project-cai\Scene.cpp(47,75): warning C4129: 'C' : caractère de séquence d'échappement non reconnu
D:\Documents\__PROG\_C++\Project-Arch\CAI\project-cai\project-cai\Scene.cpp(47,75): warning C4129: 'p' : caractère de séquence d'échappement non reconnu
D:\Documents\__PROG\_C++\Project-Arch\CAI\project-cai\project-cai\Scene.cpp(47,75): warning C4129: 'A' : caractère de séquence d'échappement non reconnu
  SpriteRenderer.cpp
sfml-window-s-d.lib(Window.cpp.obj) : error LNK2038: discordance détectée pour '_ITERATOR_DEBUG_LEVEL' : la valeur '2' ne correspond pas à la valeur '0' in Collider.obj
sfml-window-s-d.lib(Window.cpp.obj) : error LNK2038: discordance détectée pour 'RuntimeLibrary' : la valeur 'MDd_DynamicDebug' ne correspond pas à la valeur 'MD_DynamicRelease' in Collider.obj
sfml-window-s-d.lib(VideoMode.cpp.obj) : error LNK2038: discordance détectée pour '_ITERATOR_DEBUG_LEVEL' : la valeur '2' ne correspond pas à la valeur '0' in Collider.obj
sfml-window-s-d.lib(VideoMode.cpp.obj) : error LNK2038: discordance détectée pour 'RuntimeLibrary' : la valeur 'MDd_DynamicDebug' ne correspond pas à la valeur 'MD_DynamicRelease' in Collider.obj
sfml-window-s-d.lib(GlContext.cpp.obj) : error LNK2038: discordance détectée pour '_ITERATOR_DEBUG_LEVEL' : la valeur '2' ne correspond pas à la valeur '0' in Collider.obj
sfml-window-s-d.lib(GlContext.cpp.obj) : error LNK2038: discordance détectée pour 'RuntimeLibrary' : la valeur 'MDd_DynamicDebug' ne correspond pas à la valeur 'MD_DynamicRelease' in Collider.obj
sfml-window-s-d.lib(WindowImpl.cpp.obj) : error LNK2038: discordance détectée pour '_ITERATOR_DEBUG_LEVEL' : la valeur '2' ne correspond pas à la valeur '0' in Collider.obj
sfml-window-s-d.lib(WindowImpl.cpp.obj) : error LNK2038: discordance détectée pour 'RuntimeLibrary' : la valeur 'MDd_DynamicDebug' ne correspond pas à la valeur 'MD_DynamicRelease' in Collider.obj
sfml-window-s-d.lib(VideoModeImpl.cpp.obj) : error LNK2038: discordance détectée pour '_ITERATOR_DEBUG_LEVEL' : la valeur '2' ne correspond pas à la valeur '0' in Collider.obj
sfml-window-s-d.lib(VideoModeImpl.cpp.obj) : error LNK2038: discordance détectée pour 'RuntimeLibrary' : la valeur 'MDd_DynamicDebug' ne correspond pas à la valeur 'MD_DynamicRelease' in Collider.obj
sfml-window-s-d.lib(CursorImpl.cpp.obj) : error LNK2038: discordance détectée pour '_ITERATOR_DEBUG_LEVEL' : la valeur '2' ne correspond pas à la valeur '0' in Collider.obj
sfml-window-s-d.lib(CursorImpl.cpp.obj) : error LNK2038: discordance détectée pour 'RuntimeLibrary' : la valeur 'MDd_DynamicDebug' ne correspond pas à la valeur 'MD_DynamicRelease' in Collider.obj
sfml-window-s-d.lib(WglContext.cpp.obj) : error LNK2038: discordance détectée pour '_ITERATOR_DEBUG_LEVEL' : la valeur '2' ne correspond pas à la valeur '0' in Collider.obj
sfml-window-s-d.lib(WglContext.cpp.obj) : error LNK2038: discordance détectée pour 'RuntimeLibrary' : la valeur 'MDd_DynamicDebug' ne correspond pas à la valeur 'MD_DynamicRelease' in Collider.obj
sfml-window-s-d.lib(JoystickManager.cpp.obj) : error LNK2038: discordance détectée pour '_ITERATOR_DEBUG_LEVEL' : la valeur '2' ne correspond pas à la valeur '0' in Collider.obj
sfml-window-s-d.lib(JoystickManager.cpp.obj) : error LNK2038: discordance détectée pour 'RuntimeLibrary' : la valeur 'MDd_DynamicDebug' ne correspond pas à la valeur 'MD_DynamicRelease' in Collider.obj
sfml-window-s-d.lib(SensorManager.cpp.obj) : error LNK2038: discordance détectée pour '_ITERATOR_DEBUG_LEVEL' : la valeur '2' ne correspond pas à la valeur '0' in Collider.obj
sfml-window-s-d.lib(SensorManager.cpp.obj) : error LNK2038: discordance détectée pour 'RuntimeLibrary' : la valeur 'MDd_DynamicDebug' ne correspond pas à la valeur 'MD_DynamicRelease' in Collider.obj
sfml-window-s-d.lib(WindowImplWin32.cpp.obj) : error LNK2038: discordance détectée pour '_ITERATOR_DEBUG_LEVEL' : la valeur '2' ne correspond pas à la valeur '0' in Collider.obj
sfml-window-s-d.lib(WindowImplWin32.cpp.obj) : error LNK2038: discordance détectée pour 'RuntimeLibrary' : la valeur 'MDd_DynamicDebug' ne correspond pas à la valeur 'MD_DynamicRelease' in Collider.obj
sfml-window-s-d.lib(WglExtensions.cpp.obj) : error LNK2038: discordance détectée pour '_ITERATOR_DEBUG_LEVEL' : la valeur '2' ne correspond pas à la valeur '0' in Collider.obj
sfml-window-s-d.lib(WglExtensions.cpp.obj) : error LNK2038: discordance détectée pour 'RuntimeLibrary' : la valeur 'MDd_DynamicDebug' ne correspond pas à la valeur 'MD_DynamicRelease' in Collider.obj
sfml-window-s-d.lib(Joystick.cpp.obj) : error LNK2038: discordance détectée pour '_ITERATOR_DEBUG_LEVEL' : la valeur '2' ne correspond pas à la valeur '0' in Collider.obj
sfml-window-s-d.lib(Joystick.cpp.obj) : error LNK2038: discordance détectée pour 'RuntimeLibrary' : la valeur 'MDd_DynamicDebug' ne correspond pas à la valeur 'MD_DynamicRelease' in Collider.obj
sfml-window-s-d.lib(JoystickImpl.cpp.obj) : error LNK2038: discordance détectée pour '_ITERATOR_DEBUG_LEVEL' : la valeur '2' ne correspond pas à la valeur '0' in Collider.obj
sfml-window-s-d.lib(JoystickImpl.cpp.obj) : error LNK2038: discordance détectée pour 'RuntimeLibrary' : la valeur 'MDd_DynamicDebug' ne correspond pas à la valeur 'MD_DynamicRelease' in Collider.obj
sfml-graphics-s-d.lib(Color.cpp.obj) : error LNK2038: discordance détectée pour '_ITERATOR_DEBUG_LEVEL' : la valeur '2' ne correspond pas à la valeur '0' in Collider.obj
sfml-graphics-s-d.lib(Color.cpp.obj) : error LNK2038: discordance détectée pour 'RuntimeLibrary' : la valeur 'MDd_DynamicDebug' ne correspond pas à la valeur 'MD_DynamicRelease' in Collider.obj
sfml-graphics-s-d.lib(RenderTarget.cpp.obj) : error LNK2038: discordance détectée pour '_ITERATOR_DEBUG_LEVEL' : la valeur '2' ne correspond pas à la valeur '0' in Collider.obj
sfml-graphics-s-d.lib(RenderTarget.cpp.obj) : error LNK2038: discordance détectée pour 'RuntimeLibrary' : la valeur 'MDd_DynamicDebug' ne correspond pas à la valeur 'MD_DynamicRelease' in Collider.obj
sfml-graphics-s-d.lib(RenderWindow.cpp.obj) : error LNK2038: discordance détectée pour '_ITERATOR_DEBUG_LEVEL' : la valeur '2' ne correspond pas à la valeur '0' in Collider.obj
sfml-graphics-s-d.lib(RenderWindow.cpp.obj) : error LNK2038: discordance détectée pour 'RuntimeLibrary' : la valeur 'MDd_DynamicDebug' ne correspond pas à la valeur 'MD_DynamicRelease' in Collider.obj
sfml-graphics-s-d.lib(RenderStates.cpp.obj) : error LNK2038: discordance détectée pour '_ITERATOR_DEBUG_LEVEL' : la valeur '2' ne correspond pas à la valeur '0' in Collider.obj
sfml-graphics-s-d.lib(RenderStates.cpp.obj) : error LNK2038: discordance détectée pour 'RuntimeLibrary' : la valeur 'MDd_DynamicDebug' ne correspond pas à la valeur 'MD_DynamicRelease' in Collider.obj
sfml-graphics-s-d.lib(Transformable.cpp.obj) : error LNK2038: discordance détectée pour '_ITERATOR_DEBUG_LEVEL' : la valeur '2' ne correspond pas à la valeur '0' in Collider.obj
sfml-graphics-s-d.lib(Transformable.cpp.obj) : error LNK2038: discordance détectée pour 'RuntimeLibrary' : la valeur 'MDd_DynamicDebug' ne correspond pas à la valeur 'MD_DynamicRelease' in Collider.obj
sfml-graphics-s-d.lib(Texture.cpp.obj) : error LNK2038: discordance détectée pour '_ITERATOR_DEBUG_LEVEL' : la valeur '2' ne correspond pas à la valeur '0' in Collider.obj
sfml-graphics-s-d.lib(Texture.cpp.obj) : error LNK2038: discordance détectée pour 'RuntimeLibrary' : la valeur 'MDd_DynamicDebug' ne correspond pas à la valeur 'MD_DynamicRelease' in Collider.obj
sfml-graphics-s-d.lib(Sprite.cpp.obj) : error LNK2038: discordance détectée pour '_ITERATOR_DEBUG_LEVEL' : la valeur '2' ne correspond pas à la valeur '0' in Collider.obj
sfml-graphics-s-d.lib(Sprite.cpp.obj) : error LNK2038: discordance détectée pour 'RuntimeLibrary' : la valeur 'MDd_DynamicDebug' ne correspond pas à la valeur 'MD_DynamicRelease' in Collider.obj
sfml-graphics-s-d.lib(Transform.cpp.obj) : error LNK2038: discordance détectée pour '_ITERATOR_DEBUG_LEVEL' : la valeur '2' ne correspond pas à la valeur '0' in Collider.obj
sfml-graphics-s-d.lib(Transform.cpp.obj) : error LNK2038: discordance détectée pour 'RuntimeLibrary' : la valeur 'MDd_DynamicDebug' ne correspond pas à la valeur 'MD_DynamicRelease' in Collider.obj
sfml-graphics-s-d.lib(View.cpp.obj) : error LNK2038: discordance détectée pour '_ITERATOR_DEBUG_LEVEL' : la valeur '2' ne correspond pas à la valeur '0' in Collider.obj
sfml-graphics-s-d.lib(View.cpp.obj) : error LNK2038: discordance détectée pour 'RuntimeLibrary' : la valeur 'MDd_DynamicDebug' ne correspond pas à la valeur 'MD_DynamicRelease' in Collider.obj
sfml-graphics-s-d.lib(Shader.cpp.obj) : error LNK2038: discordance détectée pour '_ITERATOR_DEBUG_LEVEL' : la valeur '2' ne correspond pas à la valeur '0' in Collider.obj
sfml-graphics-s-d.lib(Shader.cpp.obj) : error LNK2038: discordance détectée pour 'RuntimeLibrary' : la valeur 'MDd_DynamicDebug' ne correspond pas à la valeur 'MD_DynamicRelease' in Collider.obj
sfml-graphics-s-d.lib(VertexBuffer.cpp.obj) : error LNK2038: discordance détectée pour '_ITERATOR_DEBUG_LEVEL' : la valeur '2' ne correspond pas à la valeur '0' in Collider.obj
sfml-graphics-s-d.lib(VertexBuffer.cpp.obj) : error LNK2038: discordance détectée pour 'RuntimeLibrary' : la valeur 'MDd_DynamicDebug' ne correspond pas à la valeur 'MD_DynamicRelease' in Collider.obj
sfml-graphics-s-d.lib(GLExtensions.cpp.obj) : error LNK2038: discordance détectée pour '_ITERATOR_DEBUG_LEVEL' : la valeur '2' ne correspond pas à la valeur '0' in Collider.obj
sfml-graphics-s-d.lib(GLExtensions.cpp.obj) : error LNK2038: discordance détectée pour 'RuntimeLibrary' : la valeur 'MDd_DynamicDebug' ne correspond pas à la valeur 'MD_DynamicRelease' in Collider.obj
sfml-graphics-s-d.lib(GLCheck.cpp.obj) : error LNK2038: discordance détectée pour '_ITERATOR_DEBUG_LEVEL' : la valeur '2' ne correspond pas à la valeur '0' in Collider.obj
sfml-graphics-s-d.lib(GLCheck.cpp.obj) : error LNK2038: discordance détectée pour 'RuntimeLibrary' : la valeur 'MDd_DynamicDebug' ne correspond pas à la valeur 'MD_DynamicRelease' in Collider.obj
sfml-graphics-s-d.lib(RenderTextureImplFBO.cpp.obj) : error LNK2038: discordance détectée pour '_ITERATOR_DEBUG_LEVEL' : la valeur '2' ne correspond pas à la valeur '0' in Collider.obj
sfml-graphics-s-d.lib(RenderTextureImplFBO.cpp.obj) : error LNK2038: discordance détectée pour 'RuntimeLibrary' : la valeur 'MDd_DynamicDebug' ne correspond pas à la valeur 'MD_DynamicRelease' in Collider.obj
sfml-graphics-s-d.lib(Image.cpp.obj) : error LNK2038: discordance détectée pour '_ITERATOR_DEBUG_LEVEL' : la valeur '2' ne correspond pas à la valeur '0' in Collider.obj
sfml-graphics-s-d.lib(Image.cpp.obj) : error LNK2038: discordance détectée pour 'RuntimeLibrary' : la valeur 'MDd_DynamicDebug' ne correspond pas à la valeur 'MD_DynamicRelease' in Collider.obj
sfml-graphics-s-d.lib(Glsl.cpp.obj) : error LNK2038: discordance détectée pour '_ITERATOR_DEBUG_LEVEL' : la valeur '2' ne correspond pas à la valeur '0' in Collider.obj
sfml-graphics-s-d.lib(Glsl.cpp.obj) : error LNK2038: discordance détectée pour 'RuntimeLibrary' : la valeur 'MDd_DynamicDebug' ne correspond pas à la valeur 'MD_DynamicRelease' in Collider.obj
sfml-graphics-s-d.lib(ImageLoader.cpp.obj) : error LNK2038: discordance détectée pour '_ITERATOR_DEBUG_LEVEL' : la valeur '2' ne correspond pas à la valeur '0' in Collider.obj
sfml-graphics-s-d.lib(ImageLoader.cpp.obj) : error LNK2038: discordance détectée pour 'RuntimeLibrary' : la valeur 'MDd_DynamicDebug' ne correspond pas à la valeur 'MD_DynamicRelease' in Collider.obj
sfml-system-s-d.lib(String.cpp.obj) : error LNK2038: discordance détectée pour '_ITERATOR_DEBUG_LEVEL' : la valeur '2' ne correspond pas à la valeur '0' in Collider.obj
sfml-system-s-d.lib(String.cpp.obj) : error LNK2038: discordance détectée pour 'RuntimeLibrary' : la valeur 'MDd_DynamicDebug' ne correspond pas à la valeur 'MD_DynamicRelease' in Collider.obj
sfml-system-s-d.lib(Err.cpp.obj) : error LNK2038: discordance détectée pour '_ITERATOR_DEBUG_LEVEL' : la valeur '2' ne correspond pas à la valeur '0' in Collider.obj
sfml-system-s-d.lib(Err.cpp.obj) : error LNK2038: discordance détectée pour 'RuntimeLibrary' : la valeur 'MDd_DynamicDebug' ne correspond pas à la valeur 'MD_DynamicRelease' in Collider.obj
LINK : warning LNK4098: conflit entre la bibliothèque par défaut 'MSVCRTD' et les autres bibliothèques ; utilisez /NODEFAULTLIB:library
Collider.obj : error LNK2001: symbole externe non résolu "public: class SpriteRenderer * __cdecl GameObject::GetComponent<class SpriteRenderer>(void)" (??$GetComponent@VSpriteRenderer@@@GameObject@@QEAAPEAVSpriteRenderer@@XZ)
sfml-graphics-s-d.lib(Image.cpp.obj) : error LNK2001: symbole externe non résolu __imp__invalid_parameter
sfml-graphics-s-d.lib(Glsl.cpp.obj) : error LNK2001: symbole externe non résolu __imp__invalid_parameter
sfml-graphics-s-d.lib(ImageLoader.cpp.obj) : error LNK2001: symbole externe non résolu __imp__invalid_parameter
sfml-system-s-d.lib(String.cpp.obj) : error LNK2001: symbole externe non résolu __imp__invalid_parameter
sfml-graphics-s-d.lib(Texture.cpp.obj) : error LNK2001: symbole externe non résolu __imp__invalid_parameter
sfml-graphics-s-d.lib(Shader.cpp.obj) : error LNK2001: symbole externe non résolu __imp__invalid_parameter
sfml-graphics-s-d.lib(GLCheck.cpp.obj) : error LNK2001: symbole externe non résolu __imp__invalid_parameter
sfml-graphics-s-d.lib(RenderTextureImplFBO.cpp.obj) : error LNK2001: symbole externe non résolu __imp__invalid_parameter
sfml-window-s-d.lib(WglExtensions.cpp.obj) : error LNK2001: symbole externe non résolu __imp__invalid_parameter
sfml-window-s-d.lib(JoystickImpl.cpp.obj) : error LNK2001: symbole externe non résolu __imp__invalid_parameter
sfml-graphics-s-d.lib(Color.cpp.obj) : error LNK2001: symbole externe non résolu __imp__invalid_parameter
sfml-graphics-s-d.lib(RenderTarget.cpp.obj) : error LNK2001: symbole externe non résolu __imp__invalid_parameter
sfml-window-s-d.lib(VideoModeImpl.cpp.obj) : error LNK2001: symbole externe non résolu __imp__invalid_parameter
sfml-window-s-d.lib(WglContext.cpp.obj) : error LNK2001: symbole externe non résolu __imp__invalid_parameter
sfml-window-s-d.lib(JoystickManager.cpp.obj) : error LNK2001: symbole externe non résolu __imp__invalid_parameter
sfml-window-s-d.lib(WindowImplWin32.cpp.obj) : error LNK2001: symbole externe non résolu __imp__invalid_parameter
sfml-window-s-d.lib(Window.cpp.obj) : error LNK2001: symbole externe non résolu __imp__invalid_parameter
sfml-window-s-d.lib(VideoMode.cpp.obj) : error LNK2001: symbole externe non résolu __imp__invalid_parameter
sfml-window-s-d.lib(GlContext.cpp.obj) : error LNK2001: symbole externe non résolu __imp__invalid_parameter
sfml-window-s-d.lib(WindowImpl.cpp.obj) : error LNK2001: symbole externe non résolu __imp__invalid_parameter
sfml-graphics-s-d.lib(Texture.cpp.obj) : error LNK2001: symbole externe non résolu __imp__calloc_dbg
sfml-system-s-d.lib(String.cpp.obj) : error LNK2001: symbole externe non résolu __imp__calloc_dbg
sfml-window-s-d.lib(WindowImplWin32.cpp.obj) : error LNK2001: symbole externe non résolu __imp__calloc_dbg
sfml-window-s-d.lib(Joystick.cpp.obj) : error LNK2001: symbole externe non résolu __imp__calloc_dbg
sfml-window-s-d.lib(JoystickImpl.cpp.obj) : error LNK2001: symbole externe non résolu __imp__calloc_dbg
sfml-graphics-s-d.lib(RenderWindow.cpp.obj) : error LNK2001: symbole externe non résolu __imp__calloc_dbg
sfml-window-s-d.lib(Window.cpp.obj) : error LNK2001: symbole externe non résolu __imp__calloc_dbg
sfml-window-s-d.lib(WindowImpl.cpp.obj) : error LNK2001: symbole externe non résolu __imp__calloc_dbg
sfml-window-s-d.lib(WglContext.cpp.obj) : error LNK2001: symbole externe non résolu __imp__calloc_dbg
sfml-window-s-d.lib(JoystickManager.cpp.obj) : error LNK2001: symbole externe non résolu __imp__calloc_dbg
sfml-graphics-s-d.lib(Image.cpp.obj) : error LNK2001: symbole externe non résolu __imp__CrtDbgReport
sfml-graphics-s-d.lib(Glsl.cpp.obj) : error LNK2001: symbole externe non résolu __imp__CrtDbgReport
sfml-graphics-s-d.lib(ImageLoader.cpp.obj) : error LNK2001: symbole externe non résolu __imp__CrtDbgReport
sfml-system-s-d.lib(String.cpp.obj) : error LNK2001: symbole externe non résolu __imp__CrtDbgReport
sfml-graphics-s-d.lib(Texture.cpp.obj) : error LNK2001: symbole externe non résolu __imp__CrtDbgReport
sfml-graphics-s-d.lib(Shader.cpp.obj) : error LNK2001: symbole externe non résolu __imp__CrtDbgReport
sfml-graphics-s-d.lib(GLCheck.cpp.obj) : error LNK2001: symbole externe non résolu __imp__CrtDbgReport
sfml-graphics-s-d.lib(RenderTextureImplFBO.cpp.obj) : error LNK2001: symbole externe non résolu __imp__CrtDbgReport
sfml-window-s-d.lib(WglExtensions.cpp.obj) : error LNK2001: symbole externe non résolu __imp__CrtDbgReport
sfml-window-s-d.lib(JoystickImpl.cpp.obj) : error LNK2001: symbole externe non résolu __imp__CrtDbgReport
sfml-graphics-s-d.lib(Color.cpp.obj) : error LNK2001: symbole externe non résolu __imp__CrtDbgReport
sfml-graphics-s-d.lib(RenderTarget.cpp.obj) : error LNK2001: symbole externe non résolu __imp__CrtDbgReport
sfml-window-s-d.lib(VideoModeImpl.cpp.obj) : error LNK2001: symbole externe non résolu __imp__CrtDbgReport
sfml-window-s-d.lib(WglContext.cpp.obj) : error LNK2001: symbole externe non résolu __imp__CrtDbgReport
sfml-window-s-d.lib(JoystickManager.cpp.obj) : error LNK2001: symbole externe non résolu __imp__CrtDbgReport
sfml-window-s-d.lib(WindowImplWin32.cpp.obj) : error LNK2001: symbole externe non résolu __imp__CrtDbgReport
sfml-window-s-d.lib(Window.cpp.obj) : error LNK2001: symbole externe non résolu __imp__CrtDbgReport
sfml-window-s-d.lib(VideoMode.cpp.obj) : error LNK2001: symbole externe non résolu __imp__CrtDbgReport
sfml-window-s-d.lib(GlContext.cpp.obj) : error LNK2001: symbole externe non résolu __imp__CrtDbgReport
sfml-window-s-d.lib(WindowImpl.cpp.obj) : error LNK2001: symbole externe non résolu __imp__CrtDbgReport
D:\Documents\__PROG\_C++\Project-Arch\CAI\project-cai\x64\Release\project-cai.exe : fatal error LNK1120: 4 externes non résolus
